2025-09-17 23:33:20,945 - INFO - ============================================================
2025-09-17 23:33:20,945 - INFO - PK/PD Simulation Log Started
2025-09-17 23:33:20,945 - INFO - ============================================================
2025-09-17 23:33:20,945 - INFO - [STEP] Logging initialized -> Log file: pkpd_output\logs\sim_run_20250917_233320.log
2025-09-17 23:33:20,945 - INFO - Population: healthy_male, Route: oral, Dose: 100.0 mg, Duration: 24 h
2025-09-17 23:33:21,022 - INFO - [STEP] Featurization -> Processing O=C(O)c1ccccc1O
2025-09-17 23:33:21,243 - INFO - Absorption site: Duodenum, pKa: 6.892333333333327
2025-09-17 23:33:21,244 - INFO - [STEP] Population -> healthy_male, Route=oral
2025-09-17 23:33:21,244 - INFO - PK parameters: {'Vd': 0.5, 'Cl': 0.1, 'ka': 1.0, 't_abs': 2.0}
2025-09-17 23:33:21,244 - INFO - Physiology: {'Vd': 0.5, 'Cl': 0.1, 'ka': 1.0, 't_abs': 2.0}
2025-09-17 23:33:21,276 - INFO - ✔ 2D structure saved: pkpd_output\O=C(O)c1ccccc1O\O=C(O)c1ccccc1O_2D.png, pkpd_output\O=C(O)c1ccccc1O\O=C(O)c1ccccc1O_2D.svg
2025-09-17 23:33:21,276 - INFO - [STEP] Simulation -> Starting for O=C(O)c1ccccc1O
2025-09-17 23:33:21,286 - INFO - [STEP] Simulation -> Finished for O=C(O)c1ccccc1O
2025-09-17 23:33:21,286 - INFO - [STEP] Export -> Saving results to pkpd_output\O=C(O)c1ccccc1O\O=C(O)c1ccccc1O_results.xlsx
2025-09-17 23:33:21,514 - INFO - ✔ 2D structure embedded in Excel: pkpd_output\O=C(O)c1ccccc1O\O=C(O)c1ccccc1O_results.xlsx
2025-09-17 23:33:21,514 - INFO - [STEP] Plotting -> Saving plots to pkpd_output\O=C(O)c1ccccc1O\O=C(O)c1ccccc1O_timecourse.png
2025-09-17 23:33:22,480 - INFO - ✔ Plots saved: pkpd_output\O=C(O)c1ccccc1O\O=C(O)c1ccccc1O_timecourse.png
2025-09-17 23:33:22,480 - INFO - ✔ All results saved
2025-09-17 23:33:22,480 - INFO - [STEP] Featurization -> Processing CC(C)(C)OC(=O)N[C@@H]1C[C@@H]2C[C@H](N[C@H]3CO[C@H](C4CC4)C3)C[C@@H]21
2025-09-17 23:33:22,709 - INFO - Absorption site: Poor absorption (ionized), pKa: 8.854333333333335
2025-09-17 23:33:22,709 - INFO - [STEP] Population -> healthy_male, Route=oral
2025-09-17 23:33:22,709 - INFO - PK parameters: {'Vd': 0.5, 'Cl': 0.1, 'ka': 1.0, 't_abs': 2.0}
2025-09-17 23:33:22,710 - INFO - Physiology: {'Vd': 0.5, 'Cl': 0.1, 'ka': 1.0, 't_abs': 2.0}
2025-09-17 23:33:22,733 - INFO - ✔ 2D structure saved: pkpd_output\CC(C)(C)OC(=O)N[C@@H]1C[C@@H]2C[C@H](N[C@H]3CO[C@H](C4CC4)C3)C[C@@H]21\CC(C)(C)OC(=O)N[C@@H]1C[C@@H]2C[C@H](N[C@H]3CO[C@H](C4CC4)C3)C[C@@H]21_2D.png, pkpd_output\CC(C)(C)OC(=O)N[C@@H]1C[C@@H]2C[C@H](N[C@H]3CO[C@H](C4CC4)C3)C[C@@H]21\CC(C)(C)OC(=O)N[C@@H]1C[C@@H]2C[C@H](N[C@H]3CO[C@H](C4CC4)C3)C[C@@H]21_2D.svg
2025-09-17 23:33:22,733 - INFO - [STEP] Simulation -> Starting for CC(C)(C)OC(=O)N[C@@H]1C[C@@H]2C[C@H](N[C@H]3CO[C@H](C4CC4)C3)C[C@@H]21
2025-09-17 23:33:22,745 - INFO - [STEP] Simulation -> Finished for CC(C)(C)OC(=O)N[C@@H]1C[C@@H]2C[C@H](N[C@H]3CO[C@H](C4CC4)C3)C[C@@H]21
2025-09-17 23:33:22,746 - INFO - [STEP] Export -> Saving results to pkpd_output\CC(C)(C)OC(=O)N[C@@H]1C[C@@H]2C[C@H](N[C@H]3CO[C@H](C4CC4)C3)C[C@@H]21\CC(C)(C)OC(=O)N[C@@H]1C[C@@H]2C[C@H](N[C@H]3CO[C@H](C4CC4)C3)C[C@@H]21_results.xlsx
2025-09-17 23:33:22,914 - INFO - ✔ 2D structure embedded in Excel: pkpd_output\CC(C)(C)OC(=O)N[C@@H]1C[C@@H]2C[C@H](N[C@H]3CO[C@H](C4CC4)C3)C[C@@H]21\CC(C)(C)OC(=O)N[C@@H]1C[C@@H]2C[C@H](N[C@H]3CO[C@H](C4CC4)C3)C[C@@H]21_results.xlsx
2025-09-17 23:33:22,915 - INFO - [STEP] Plotting -> Saving plots to pkpd_output\CC(C)(C)OC(=O)N[C@@H]1C[C@@H]2C[C@H](N[C@H]3CO[C@H](C4CC4)C3)C[C@@H]21\CC(C)(C)OC(=O)N[C@@H]1C[C@@H]2C[C@H](N[C@H]3CO[C@H](C4CC4)C3)C[C@@H]21_timecourse.png
2025-09-17 23:33:23,869 - INFO - ✔ Plots saved: pkpd_output\CC(C)(C)OC(=O)N[C@@H]1C[C@@H]2C[C@H](N[C@H]3CO[C@H](C4CC4)C3)C[C@@H]21\CC(C)(C)OC(=O)N[C@@H]1C[C@@H]2C[C@H](N[C@H]3CO[C@H](C4CC4)C3)C[C@@H]21_timecourse.png
2025-09-17 23:33:23,870 - INFO - ✔ All results saved
2025-09-17 23:33:23,887 - INFO - [STEP] Featurization -> Processing CCc1ccc([C@@H](C#N)NC(=O)c2cc(S(=O)(=O)N3CCOCC3)cn2C)cc1
2025-09-17 23:33:24,111 - INFO - Absorption site: Poor absorption (ionized), pKa: 8.370000000000003
2025-09-17 23:33:24,111 - INFO - [STEP] Population -> healthy_male, Route=oral
2025-09-17 23:33:24,112 - INFO - PK parameters: {'Vd': 0.5, 'Cl': 0.1, 'ka': 1.0, 't_abs': 2.0}
2025-09-17 23:33:24,112 - INFO - Physiology: {'Vd': 0.5, 'Cl': 0.1, 'ka': 1.0, 't_abs': 2.0}
2025-09-17 23:33:24,137 - INFO - ✔ 2D structure saved: pkpd_output\CCc1ccc([C@@H](C#N)NC(=O)c2cc(S(=O)(=O)N3CCOCC3)cn2C)cc1\CCc1ccc([C@@H](C#N)NC(=O)c2cc(S(=O)(=O)N3CCOCC3)cn2C)cc1_2D.png, pkpd_output\CCc1ccc([C@@H](C#N)NC(=O)c2cc(S(=O)(=O)N3CCOCC3)cn2C)cc1\CCc1ccc([C@@H](C#N)NC(=O)c2cc(S(=O)(=O)N3CCOCC3)cn2C)cc1_2D.svg
2025-09-17 23:33:24,137 - INFO - [STEP] Simulation -> Starting for CCc1ccc([C@@H](C#N)NC(=O)c2cc(S(=O)(=O)N3CCOCC3)cn2C)cc1
2025-09-17 23:33:24,147 - INFO - [STEP] Simulation -> Finished for CCc1ccc([C@@H](C#N)NC(=O)c2cc(S(=O)(=O)N3CCOCC3)cn2C)cc1
2025-09-17 23:33:24,147 - INFO - [STEP] Export -> Saving results to pkpd_output\CCc1ccc([C@@H](C#N)NC(=O)c2cc(S(=O)(=O)N3CCOCC3)cn2C)cc1\CCc1ccc([C@@H](C#N)NC(=O)c2cc(S(=O)(=O)N3CCOCC3)cn2C)cc1_results.xlsx
2025-09-17 23:33:24,317 - INFO - ✔ 2D structure embedded in Excel: pkpd_output\CCc1ccc([C@@H](C#N)NC(=O)c2cc(S(=O)(=O)N3CCOCC3)cn2C)cc1\CCc1ccc([C@@H](C#N)NC(=O)c2cc(S(=O)(=O)N3CCOCC3)cn2C)cc1_results.xlsx
2025-09-17 23:33:24,317 - INFO - [STEP] Plotting -> Saving plots to pkpd_output\CCc1ccc([C@@H](C#N)NC(=O)c2cc(S(=O)(=O)N3CCOCC3)cn2C)cc1\CCc1ccc([C@@H](C#N)NC(=O)c2cc(S(=O)(=O)N3CCOCC3)cn2C)cc1_timecourse.png
2025-09-17 23:33:25,321 - INFO - ✔ Plots saved: pkpd_output\CCc1ccc([C@@H](C#N)NC(=O)c2cc(S(=O)(=O)N3CCOCC3)cn2C)cc1\CCc1ccc([C@@H](C#N)NC(=O)c2cc(S(=O)(=O)N3CCOCC3)cn2C)cc1_timecourse.png
2025-09-17 23:33:25,322 - INFO - ✔ All results saved
