2025-09-18 00:32:46,711 - INFO - ============================================================
2025-09-18 00:32:46,711 - INFO - PK/PD Simulation Log Started
2025-09-18 00:32:46,711 - INFO - ============================================================
2025-09-18 00:32:46,711 - INFO - [STEP] Logging initialized -> Log file: pkpd_output\logs\sim_run_20250918_003246.log
2025-09-18 00:32:46,711 - INFO - Population: healthy_male, Route: oral, Dose: 100.0 mg, Duration: 24 h
2025-09-18 00:32:46,791 - INFO - [STEP] Featurization -> Processing O=C(O)c1ccccc1O
2025-09-18 00:32:47,010 - INFO - Absorption site: Poor absorption (ionized), pKa: 6.892333333333327
2025-09-18 00:32:47,010 - INFO - [STEP] Population -> healthy_male, Route=oral
2025-09-18 00:32:47,010 - INFO - PK parameters: {'Vd': 0.5, 'Cl': 0.1, 'ka': 1.0, 't_abs': 2.0}
2025-09-18 00:32:47,010 - INFO - Physiology: {'Vd': 0.5, 'Cl': 0.1, 'ka': 1.0, 't_abs': 2.0}
2025-09-18 00:32:47,034 - INFO - ✔ 2D structure saved: pkpd_output\O=C(O)c1ccccc1O\O=C(O)c1ccccc1O_2D.png, pkpd_output\O=C(O)c1ccccc1O\O=C(O)c1ccccc1O_2D.svg
2025-09-18 00:32:47,034 - INFO - [STEP] Simulation -> Starting for O=C(O)c1ccccc1O
2025-09-18 00:32:47,055 - INFO - [STEP] Simulation -> Finished for O=C(O)c1ccccc1O
2025-09-18 00:32:47,055 - INFO - [STEP] Export -> Saving results to pkpd_output\O=C(O)c1ccccc1O\O=C(O)c1ccccc1O_results.xlsx
2025-09-18 00:32:47,267 - INFO - ✔ 2D structure embedded in Excel: pkpd_output\O=C(O)c1ccccc1O\O=C(O)c1ccccc1O_results.xlsx
2025-09-18 00:32:47,267 - INFO - [STEP] Plotting -> Saving plots to pkpd_output\O=C(O)c1ccccc1O\O=C(O)c1ccccc1O_timecourse.png
2025-09-18 00:32:48,229 - INFO - ✔ Plots saved: pkpd_output\O=C(O)c1ccccc1O\O=C(O)c1ccccc1O_timecourse.png
2025-09-18 00:32:48,230 - INFO - ✔ All results saved
2025-09-18 00:32:48,230 - INFO - [STEP] Featurization -> Processing C[C@H]1CNCCN(C[C@@H]2CCCO2)S1(=O)=O
2025-09-18 00:32:48,458 - INFO - Absorption site: Ileum, pKa: 8.908999999999997
2025-09-18 00:32:48,459 - INFO - [STEP] Population -> healthy_male, Route=oral
2025-09-18 00:32:48,459 - INFO - PK parameters: {'Vd': 0.5, 'Cl': 0.1, 'ka': 1.0, 't_abs': 2.0}
2025-09-18 00:32:48,459 - INFO - Physiology: {'Vd': 0.5, 'Cl': 0.1, 'ka': 1.0, 't_abs': 2.0}
2025-09-18 00:32:48,482 - INFO - ✔ 2D structure saved: pkpd_output\C[C@H]1CNCCN(C[C@@H]2CCCO2)S1(=O)=O\C[C@H]1CNCCN(C[C@@H]2CCCO2)S1(=O)=O_2D.png, pkpd_output\C[C@H]1CNCCN(C[C@@H]2CCCO2)S1(=O)=O\C[C@H]1CNCCN(C[C@@H]2CCCO2)S1(=O)=O_2D.svg
2025-09-18 00:32:48,482 - INFO - [STEP] Simulation -> Starting for C[C@H]1CNCCN(C[C@@H]2CCCO2)S1(=O)=O
2025-09-18 00:32:48,487 - INFO - [STEP] Simulation -> Finished for C[C@H]1CNCCN(C[C@@H]2CCCO2)S1(=O)=O
2025-09-18 00:32:48,493 - INFO - [STEP] Export -> Saving results to pkpd_output\C[C@H]1CNCCN(C[C@@H]2CCCO2)S1(=O)=O\C[C@H]1CNCCN(C[C@@H]2CCCO2)S1(=O)=O_results.xlsx
2025-09-18 00:32:48,659 - INFO - ✔ 2D structure embedded in Excel: pkpd_output\C[C@H]1CNCCN(C[C@@H]2CCCO2)S1(=O)=O\C[C@H]1CNCCN(C[C@@H]2CCCO2)S1(=O)=O_results.xlsx
2025-09-18 00:32:48,659 - INFO - [STEP] Plotting -> Saving plots to pkpd_output\C[C@H]1CNCCN(C[C@@H]2CCCO2)S1(=O)=O\C[C@H]1CNCCN(C[C@@H]2CCCO2)S1(=O)=O_timecourse.png
2025-09-18 00:32:49,609 - INFO - ✔ Plots saved: pkpd_output\C[C@H]1CNCCN(C[C@@H]2CCCO2)S1(=O)=O\C[C@H]1CNCCN(C[C@@H]2CCCO2)S1(=O)=O_timecourse.png
2025-09-18 00:32:49,609 - INFO - ✔ All results saved
2025-09-18 00:32:49,609 - INFO - [STEP] Featurization -> Processing CCc1ccccc1NC(=O)C[C@H](C)N[C@@H]1CCN(c2c(F)cccc2F)C1
2025-09-18 00:32:49,848 - INFO - Absorption site: Ileum, pKa: 8.854333333333335
2025-09-18 00:32:49,848 - INFO - [STEP] Population -> healthy_male, Route=oral
2025-09-18 00:32:49,848 - INFO - PK parameters: {'Vd': 0.5, 'Cl': 0.1, 'ka': 1.0, 't_abs': 2.0}
2025-09-18 00:32:49,848 - INFO - Physiology: {'Vd': 0.5, 'Cl': 0.1, 'ka': 1.0, 't_abs': 2.0}
2025-09-18 00:32:49,870 - INFO - ✔ 2D structure saved: pkpd_output\CCc1ccccc1NC(=O)C[C@H](C)N[C@@H]1CCN(c2c(F)cccc2F)C1\CCc1ccccc1NC(=O)C[C@H](C)N[C@@H]1CCN(c2c(F)cccc2F)C1_2D.png, pkpd_output\CCc1ccccc1NC(=O)C[C@H](C)N[C@@H]1CCN(c2c(F)cccc2F)C1\CCc1ccccc1NC(=O)C[C@H](C)N[C@@H]1CCN(c2c(F)cccc2F)C1_2D.svg
2025-09-18 00:32:49,871 - INFO - [STEP] Simulation -> Starting for CCc1ccccc1NC(=O)C[C@H](C)N[C@@H]1CCN(c2c(F)cccc2F)C1
2025-09-18 00:32:49,880 - INFO - [STEP] Simulation -> Finished for CCc1ccccc1NC(=O)C[C@H](C)N[C@@H]1CCN(c2c(F)cccc2F)C1
2025-09-18 00:32:49,880 - INFO - [STEP] Export -> Saving results to pkpd_output\CCc1ccccc1NC(=O)C[C@H](C)N[C@@H]1CCN(c2c(F)cccc2F)C1\CCc1ccccc1NC(=O)C[C@H](C)N[C@@H]1CCN(c2c(F)cccc2F)C1_results.xlsx
2025-09-18 00:32:50,047 - INFO - ✔ 2D structure embedded in Excel: pkpd_output\CCc1ccccc1NC(=O)C[C@H](C)N[C@@H]1CCN(c2c(F)cccc2F)C1\CCc1ccccc1NC(=O)C[C@H](C)N[C@@H]1CCN(c2c(F)cccc2F)C1_results.xlsx
2025-09-18 00:32:50,048 - INFO - [STEP] Plotting -> Saving plots to pkpd_output\CCc1ccccc1NC(=O)C[C@H](C)N[C@@H]1CCN(c2c(F)cccc2F)C1\CCc1ccccc1NC(=O)C[C@H](C)N[C@@H]1CCN(c2c(F)cccc2F)C1_timecourse.png
2025-09-18 00:32:51,053 - INFO - ✔ Plots saved: pkpd_output\CCc1ccccc1NC(=O)C[C@H](C)N[C@@H]1CCN(c2c(F)cccc2F)C1\CCc1ccccc1NC(=O)C[C@H](C)N[C@@H]1CCN(c2c(F)cccc2F)C1_timecourse.png
2025-09-18 00:32:51,053 - INFO - ✔ All results saved
