2025-09-17 18:56:14,123 - INFO - ============================================================
2025-09-17 18:56:14,124 - INFO - PK/PD Simulation Log Started
2025-09-17 18:56:14,124 - INFO - ============================================================
2025-09-17 18:56:14,124 - INFO - [STEP] Logging initialized -> Log file: pkpd_output\logs\sim_run_20250917_185614.log
2025-09-17 18:56:14,124 - INFO - Population: healthy_male, Route: oral, Dose: 100.0 mg, Duration: 24 h
2025-09-17 18:56:14,219 - INFO - [STEP] Featurization -> Processing CN(CC1[C@@H]2COC[C@@H]12)[C@@H](CC(=O)O)C(F)(F)F
2025-09-17 18:56:14,445 - INFO - Absorption site: Ileum
2025-09-17 18:56:14,445 - INFO - [STEP] Population -> healthy_male, Route=oral
2025-09-17 18:56:14,446 - INFO - PK parameters: {'Vd': 0.5, 'Cl': 0.1, 'ka': 1.0, 't_abs': 2.0}
2025-09-17 18:56:14,446 - INFO - Physiology: {'Vd': 0.5, 'Cl': 0.1, 'ka': 1.0, 't_abs': 2.0}
2025-09-17 18:56:14,478 - INFO - ✔ 2D structure saved: pkpd_output\CN(CC1[C@@H]2COC[C@@H]12)[C@@H](CC(=O)O)C(F)(F)F\CN(CC1[C@@H]2COC[C@@H]12)[C@@H](CC(=O)O)C(F)(F)F_2D.png, pkpd_output\CN(CC1[C@@H]2COC[C@@H]12)[C@@H](CC(=O)O)C(F)(F)F\CN(CC1[C@@H]2COC[C@@H]12)[C@@H](CC(=O)O)C(F)(F)F_2D.svg
2025-09-17 18:56:14,479 - INFO - [STEP] Simulation -> Starting for CN(CC1[C@@H]2COC[C@@H]12)[C@@H](CC(=O)O)C(F)(F)F
2025-09-17 18:56:14,489 - INFO - [STEP] Simulation -> Finished for CN(CC1[C@@H]2COC[C@@H]12)[C@@H](CC(=O)O)C(F)(F)F
2025-09-17 18:56:14,489 - INFO - [STEP] Export -> Saving results to pkpd_output\CN(CC1[C@@H]2COC[C@@H]12)[C@@H](CC(=O)O)C(F)(F)F\CN(CC1[C@@H]2COC[C@@H]12)[C@@H](CC(=O)O)C(F)(F)F_results.xlsx
2025-09-17 18:56:14,721 - INFO - ✔ 2D structure embedded in Excel: pkpd_output\CN(CC1[C@@H]2COC[C@@H]12)[C@@H](CC(=O)O)C(F)(F)F\CN(CC1[C@@H]2COC[C@@H]12)[C@@H](CC(=O)O)C(F)(F)F_results.xlsx
2025-09-17 18:56:14,721 - INFO - [STEP] Plotting -> Saving plots to pkpd_output\CN(CC1[C@@H]2COC[C@@H]12)[C@@H](CC(=O)O)C(F)(F)F\CN(CC1[C@@H]2COC[C@@H]12)[C@@H](CC(=O)O)C(F)(F)F_timecourse.png
2025-09-17 18:56:15,680 - INFO - ✔ Plots saved: pkpd_output\CN(CC1[C@@H]2COC[C@@H]12)[C@@H](CC(=O)O)C(F)(F)F\CN(CC1[C@@H]2COC[C@@H]12)[C@@H](CC(=O)O)C(F)(F)F_timecourse.png
2025-09-17 18:56:15,681 - INFO - ✔ All results saved
2025-09-17 18:56:15,681 - INFO - [STEP] Featurization -> Processing NCc1cc(O[C@@H]2CCN3CCC[C@@H]3C2)ccn1
2025-09-17 18:56:15,910 - INFO - Absorption site: Poor absorption (ionized)
2025-09-17 18:56:15,910 - INFO - [STEP] Population -> healthy_male, Route=oral
2025-09-17 18:56:15,910 - INFO - PK parameters: {'Vd': 0.5, 'Cl': 0.1, 'ka': 1.0, 't_abs': 2.0}
2025-09-17 18:56:15,910 - INFO - Physiology: {'Vd': 0.5, 'Cl': 0.1, 'ka': 1.0, 't_abs': 2.0}
2025-09-17 18:56:15,934 - INFO - ✔ 2D structure saved: pkpd_output\NCc1cc(O[C@@H]2CCN3CCC[C@@H]3C2)ccn1\NCc1cc(O[C@@H]2CCN3CCC[C@@H]3C2)ccn1_2D.png, pkpd_output\NCc1cc(O[C@@H]2CCN3CCC[C@@H]3C2)ccn1\NCc1cc(O[C@@H]2CCN3CCC[C@@H]3C2)ccn1_2D.svg
2025-09-17 18:56:15,934 - INFO - [STEP] Simulation -> Starting for NCc1cc(O[C@@H]2CCN3CCC[C@@H]3C2)ccn1
2025-09-17 18:56:15,944 - INFO - [STEP] Simulation -> Finished for NCc1cc(O[C@@H]2CCN3CCC[C@@H]3C2)ccn1
2025-09-17 18:56:15,944 - INFO - [STEP] Export -> Saving results to pkpd_output\NCc1cc(O[C@@H]2CCN3CCC[C@@H]3C2)ccn1\NCc1cc(O[C@@H]2CCN3CCC[C@@H]3C2)ccn1_results.xlsx
2025-09-17 18:56:16,095 - INFO - ✔ 2D structure embedded in Excel: pkpd_output\NCc1cc(O[C@@H]2CCN3CCC[C@@H]3C2)ccn1\NCc1cc(O[C@@H]2CCN3CCC[C@@H]3C2)ccn1_results.xlsx
2025-09-17 18:56:16,095 - INFO - [STEP] Plotting -> Saving plots to pkpd_output\NCc1cc(O[C@@H]2CCN3CCC[C@@H]3C2)ccn1\NCc1cc(O[C@@H]2CCN3CCC[C@@H]3C2)ccn1_timecourse.png
2025-09-17 18:56:17,035 - INFO - ✔ Plots saved: pkpd_output\NCc1cc(O[C@@H]2CCN3CCC[C@@H]3C2)ccn1\NCc1cc(O[C@@H]2CCN3CCC[C@@H]3C2)ccn1_timecourse.png
2025-09-17 18:56:17,035 - INFO - ✔ All results saved
2025-09-17 18:56:17,052 - INFO - [STEP] Featurization -> Processing C[C@H](c1ccc(-c2ccccc2N(C(=O)C2CC2)[S@@](=O)O)cc1)c1cc(C(=O)O)nc2[nH]c(C3CC3)cc12
2025-09-17 18:56:17,279 - INFO - Absorption site: Poor absorption (ionized)
2025-09-17 18:56:17,279 - INFO - [STEP] Population -> healthy_male, Route=oral
2025-09-17 18:56:17,279 - INFO - PK parameters: {'Vd': 0.5, 'Cl': 0.1, 'ka': 1.0, 't_abs': 2.0}
2025-09-17 18:56:17,279 - INFO - Physiology: {'Vd': 0.5, 'Cl': 0.1, 'ka': 1.0, 't_abs': 2.0}
2025-09-17 18:56:17,309 - INFO - ✔ 2D structure saved: pkpd_output\C[C@H](c1ccc(-c2ccccc2N(C(=O)C2CC2)[S@@](=O)O)cc1)c1cc(C(=O)O)nc2[nH]c(C3CC3)cc12\C[C@H](c1ccc(-c2ccccc2N(C(=O)C2CC2)[S@@](=O)O)cc1)c1cc(C(=O)O)nc2[nH]c(C3CC3)cc12_2D.png, pkpd_output\C[C@H](c1ccc(-c2ccccc2N(C(=O)C2CC2)[S@@](=O)O)cc1)c1cc(C(=O)O)nc2[nH]c(C3CC3)cc12\C[C@H](c1ccc(-c2ccccc2N(C(=O)C2CC2)[S@@](=O)O)cc1)c1cc(C(=O)O)nc2[nH]c(C3CC3)cc12_2D.svg
2025-09-17 18:56:17,309 - INFO - [STEP] Simulation -> Starting for C[C@H](c1ccc(-c2ccccc2N(C(=O)C2CC2)[S@@](=O)O)cc1)c1cc(C(=O)O)nc2[nH]c(C3CC3)cc12
2025-09-17 18:56:17,318 - INFO - [STEP] Simulation -> Finished for C[C@H](c1ccc(-c2ccccc2N(C(=O)C2CC2)[S@@](=O)O)cc1)c1cc(C(=O)O)nc2[nH]c(C3CC3)cc12
2025-09-17 18:56:17,318 - INFO - [STEP] Export -> Saving results to pkpd_output\C[C@H](c1ccc(-c2ccccc2N(C(=O)C2CC2)[S@@](=O)O)cc1)c1cc(C(=O)O)nc2[nH]c(C3CC3)cc12\C[C@H](c1ccc(-c2ccccc2N(C(=O)C2CC2)[S@@](=O)O)cc1)c1cc(C(=O)O)nc2[nH]c(C3CC3)cc12_results.xlsx
2025-09-17 18:56:17,495 - INFO - ✔ 2D structure embedded in Excel: pkpd_output\C[C@H](c1ccc(-c2ccccc2N(C(=O)C2CC2)[S@@](=O)O)cc1)c1cc(C(=O)O)nc2[nH]c(C3CC3)cc12\C[C@H](c1ccc(-c2ccccc2N(C(=O)C2CC2)[S@@](=O)O)cc1)c1cc(C(=O)O)nc2[nH]c(C3CC3)cc12_results.xlsx
2025-09-17 18:56:17,495 - INFO - [STEP] Plotting -> Saving plots to pkpd_output\C[C@H](c1ccc(-c2ccccc2N(C(=O)C2CC2)[S@@](=O)O)cc1)c1cc(C(=O)O)nc2[nH]c(C3CC3)cc12\C[C@H](c1ccc(-c2ccccc2N(C(=O)C2CC2)[S@@](=O)O)cc1)c1cc(C(=O)O)nc2[nH]c(C3CC3)cc12_timecourse.png
2025-09-17 18:56:18,498 - INFO - ✔ Plots saved: pkpd_output\C[C@H](c1ccc(-c2ccccc2N(C(=O)C2CC2)[S@@](=O)O)cc1)c1cc(C(=O)O)nc2[nH]c(C3CC3)cc12\C[C@H](c1ccc(-c2ccccc2N(C(=O)C2CC2)[S@@](=O)O)cc1)c1cc(C(=O)O)nc2[nH]c(C3CC3)cc12_timecourse.png
2025-09-17 18:56:18,498 - INFO - ✔ All results saved
2025-09-17 18:56:18,667 - ERROR - Simulation failed: stat: path should be string, bytes, os.PathLike or integer, not dict
