2025-09-17 22:47:38,712 - INFO - ============================================================
2025-09-17 22:47:38,712 - INFO - PK/PD Simulation Log Started
2025-09-17 22:47:38,713 - INFO - ============================================================
2025-09-17 22:47:38,713 - INFO - [STEP] Logging initialized -> Log file: pkpd_output\logs\sim_run_20250917_224738.log
2025-09-17 22:47:38,713 - INFO - Population: healthy_male, Route: oral, Dose: 100.0 mg, Duration: 24 h
2025-09-17 22:47:38,824 - INFO - [STEP] Featurization -> Processing CC(C)(C)OC(=O)N1C[C@@H]2C[C@H](C1)CN2S(=O)(=O)c1ccc(N)c(Br)c1
2025-09-17 22:47:39,069 - INFO - Absorption site: Poor absorption (ionized)
2025-09-17 22:47:39,069 - INFO - [STEP] Population -> healthy_male, Route=oral
2025-09-17 22:47:39,071 - INFO - PK parameters: {'Vd': 0.5, 'Cl': 0.1, 'ka': 1.0, 't_abs': 2.0}
2025-09-17 22:47:39,071 - INFO - Physiology: {'Vd': 0.5, 'Cl': 0.1, 'ka': 1.0, 't_abs': 2.0}
2025-09-17 22:47:39,126 - INFO - ✔ 2D structure saved: pkpd_output\CC(C)(C)OC(=O)N1C[C@@H]2C[C@H](C1)CN2S(=O)(=O)c1ccc(N)c(Br)c1\CC(C)(C)OC(=O)N1C[C@@H]2C[C@H](C1)CN2S(=O)(=O)c1ccc(N)c(Br)c1_2D.png, pkpd_output\CC(C)(C)OC(=O)N1C[C@@H]2C[C@H](C1)CN2S(=O)(=O)c1ccc(N)c(Br)c1\CC(C)(C)OC(=O)N1C[C@@H]2C[C@H](C1)CN2S(=O)(=O)c1ccc(N)c(Br)c1_2D.svg
2025-09-17 22:47:39,126 - INFO - [STEP] Simulation -> Starting for CC(C)(C)OC(=O)N1C[C@@H]2C[C@H](C1)CN2S(=O)(=O)c1ccc(N)c(Br)c1
2025-09-17 22:47:39,135 - INFO - [STEP] Simulation -> Finished for CC(C)(C)OC(=O)N1C[C@@H]2C[C@H](C1)CN2S(=O)(=O)c1ccc(N)c(Br)c1
2025-09-17 22:47:39,135 - INFO - [STEP] Export -> Saving results to pkpd_output\CC(C)(C)OC(=O)N1C[C@@H]2C[C@H](C1)CN2S(=O)(=O)c1ccc(N)c(Br)c1\CC(C)(C)OC(=O)N1C[C@@H]2C[C@H](C1)CN2S(=O)(=O)c1ccc(N)c(Br)c1_results.xlsx
2025-09-17 22:47:39,365 - INFO - ✔ 2D structure embedded in Excel: pkpd_output\CC(C)(C)OC(=O)N1C[C@@H]2C[C@H](C1)CN2S(=O)(=O)c1ccc(N)c(Br)c1\CC(C)(C)OC(=O)N1C[C@@H]2C[C@H](C1)CN2S(=O)(=O)c1ccc(N)c(Br)c1_results.xlsx
2025-09-17 22:47:39,365 - INFO - [STEP] Plotting -> Saving plots to pkpd_output\CC(C)(C)OC(=O)N1C[C@@H]2C[C@H](C1)CN2S(=O)(=O)c1ccc(N)c(Br)c1\CC(C)(C)OC(=O)N1C[C@@H]2C[C@H](C1)CN2S(=O)(=O)c1ccc(N)c(Br)c1_timecourse.png
2025-09-17 22:47:40,340 - INFO - ✔ Plots saved: pkpd_output\CC(C)(C)OC(=O)N1C[C@@H]2C[C@H](C1)CN2S(=O)(=O)c1ccc(N)c(Br)c1\CC(C)(C)OC(=O)N1C[C@@H]2C[C@H](C1)CN2S(=O)(=O)c1ccc(N)c(Br)c1_timecourse.png
2025-09-17 22:47:40,340 - INFO - ✔ All results saved
2025-09-17 22:47:40,358 - INFO - [STEP] Featurization -> Processing CCOC(=O)c1c(S(=O)(=O)N(CC(C)C)CC2CCN(C)CC2)n[nH]c1C
2025-09-17 22:47:40,601 - INFO - Absorption site: Poor absorption (ionized)
2025-09-17 22:47:40,602 - INFO - [STEP] Population -> healthy_male, Route=oral
2025-09-17 22:47:40,602 - INFO - PK parameters: {'Vd': 0.5, 'Cl': 0.1, 'ka': 1.0, 't_abs': 2.0}
2025-09-17 22:47:40,602 - INFO - Physiology: {'Vd': 0.5, 'Cl': 0.1, 'ka': 1.0, 't_abs': 2.0}
2025-09-17 22:47:40,629 - INFO - ✔ 2D structure saved: pkpd_output\CCOC(=O)c1c(S(=O)(=O)N(CC(C)C)CC2CCN(C)CC2)n[nH]c1C\CCOC(=O)c1c(S(=O)(=O)N(CC(C)C)CC2CCN(C)CC2)n[nH]c1C_2D.png, pkpd_output\CCOC(=O)c1c(S(=O)(=O)N(CC(C)C)CC2CCN(C)CC2)n[nH]c1C\CCOC(=O)c1c(S(=O)(=O)N(CC(C)C)CC2CCN(C)CC2)n[nH]c1C_2D.svg
2025-09-17 22:47:40,629 - INFO - [STEP] Simulation -> Starting for CCOC(=O)c1c(S(=O)(=O)N(CC(C)C)CC2CCN(C)CC2)n[nH]c1C
2025-09-17 22:47:40,639 - INFO - [STEP] Simulation -> Finished for CCOC(=O)c1c(S(=O)(=O)N(CC(C)C)CC2CCN(C)CC2)n[nH]c1C
2025-09-17 22:47:40,639 - INFO - [STEP] Export -> Saving results to pkpd_output\CCOC(=O)c1c(S(=O)(=O)N(CC(C)C)CC2CCN(C)CC2)n[nH]c1C\CCOC(=O)c1c(S(=O)(=O)N(CC(C)C)CC2CCN(C)CC2)n[nH]c1C_results.xlsx
2025-09-17 22:47:40,817 - INFO - ✔ 2D structure embedded in Excel: pkpd_output\CCOC(=O)c1c(S(=O)(=O)N(CC(C)C)CC2CCN(C)CC2)n[nH]c1C\CCOC(=O)c1c(S(=O)(=O)N(CC(C)C)CC2CCN(C)CC2)n[nH]c1C_results.xlsx
2025-09-17 22:47:40,817 - INFO - [STEP] Plotting -> Saving plots to pkpd_output\CCOC(=O)c1c(S(=O)(=O)N(CC(C)C)CC2CCN(C)CC2)n[nH]c1C\CCOC(=O)c1c(S(=O)(=O)N(CC(C)C)CC2CCN(C)CC2)n[nH]c1C_timecourse.png
2025-09-17 22:47:41,752 - INFO - ✔ Plots saved: pkpd_output\CCOC(=O)c1c(S(=O)(=O)N(CC(C)C)CC2CCN(C)CC2)n[nH]c1C\CCOC(=O)c1c(S(=O)(=O)N(CC(C)C)CC2CCN(C)CC2)n[nH]c1C_timecourse.png
2025-09-17 22:47:41,752 - INFO - ✔ All results saved
2025-09-17 22:47:41,769 - INFO - [STEP] Featurization -> Processing O=C1OCc2c(NC(=O)[C@@H]3C[C@H]3c3ccc(F)cc3F)cccc21
2025-09-17 22:47:41,995 - INFO - Absorption site: Poor absorption (ionized)
2025-09-17 22:47:41,996 - INFO - [STEP] Population -> healthy_male, Route=oral
2025-09-17 22:47:41,996 - INFO - PK parameters: {'Vd': 0.5, 'Cl': 0.1, 'ka': 1.0, 't_abs': 2.0}
2025-09-17 22:47:41,996 - INFO - Physiology: {'Vd': 0.5, 'Cl': 0.1, 'ka': 1.0, 't_abs': 2.0}
2025-09-17 22:47:42,019 - INFO - ✔ 2D structure saved: pkpd_output\O=C1OCc2c(NC(=O)[C@@H]3C[C@H]3c3ccc(F)cc3F)cccc21\O=C1OCc2c(NC(=O)[C@@H]3C[C@H]3c3ccc(F)cc3F)cccc21_2D.png, pkpd_output\O=C1OCc2c(NC(=O)[C@@H]3C[C@H]3c3ccc(F)cc3F)cccc21\O=C1OCc2c(NC(=O)[C@@H]3C[C@H]3c3ccc(F)cc3F)cccc21_2D.svg
2025-09-17 22:47:42,020 - INFO - [STEP] Simulation -> Starting for O=C1OCc2c(NC(=O)[C@@H]3C[C@H]3c3ccc(F)cc3F)cccc21
2025-09-17 22:47:42,030 - INFO - [STEP] Simulation -> Finished for O=C1OCc2c(NC(=O)[C@@H]3C[C@H]3c3ccc(F)cc3F)cccc21
2025-09-17 22:47:42,030 - INFO - [STEP] Export -> Saving results to pkpd_output\O=C1OCc2c(NC(=O)[C@@H]3C[C@H]3c3ccc(F)cc3F)cccc21\O=C1OCc2c(NC(=O)[C@@H]3C[C@H]3c3ccc(F)cc3F)cccc21_results.xlsx
2025-09-17 22:47:42,226 - INFO - ✔ 2D structure embedded in Excel: pkpd_output\O=C1OCc2c(NC(=O)[C@@H]3C[C@H]3c3ccc(F)cc3F)cccc21\O=C1OCc2c(NC(=O)[C@@H]3C[C@H]3c3ccc(F)cc3F)cccc21_results.xlsx
2025-09-17 22:47:42,226 - INFO - [STEP] Plotting -> Saving plots to pkpd_output\O=C1OCc2c(NC(=O)[C@@H]3C[C@H]3c3ccc(F)cc3F)cccc21\O=C1OCc2c(NC(=O)[C@@H]3C[C@H]3c3ccc(F)cc3F)cccc21_timecourse.png
2025-09-17 22:47:43,247 - INFO - ✔ Plots saved: pkpd_output\O=C1OCc2c(NC(=O)[C@@H]3C[C@H]3c3ccc(F)cc3F)cccc21\O=C1OCc2c(NC(=O)[C@@H]3C[C@H]3c3ccc(F)cc3F)cccc21_timecourse.png
2025-09-17 22:47:43,247 - INFO - ✔ All results saved
2025-09-17 22:49:51,281 - INFO - ✔ Trained pka_model (R²=0.216)
2025-09-17 22:49:51,884 - INFO - ✔ Trained ec50_model (R²=-1.196)
2025-09-17 22:49:52,584 - INFO - ✔ Trained clearance_model (R²=-0.345)
