2025-09-18 00:10:07,098 - INFO - ============================================================
2025-09-18 00:10:07,099 - INFO - PK/PD Simulation Log Started
2025-09-18 00:10:07,099 - INFO - ============================================================
2025-09-18 00:10:07,099 - INFO - [STEP] Logging initialized -> Log file: pkpd_output\logs\sim_run_20250918_001007.log
2025-09-18 00:10:07,099 - INFO - Population: healthy_male, Route: oral, Dose: 100.0 mg, Duration: 24 h
2025-09-18 00:10:07,175 - INFO - [STEP] Featurization -> Processing CC1(C)CN[C@@H](C(=O)c2cccc(OC(F)F)n2)CO1
2025-09-18 00:10:07,408 - INFO - Absorption site: Ileum, pKa: 8.404000000000002
2025-09-18 00:10:07,408 - INFO - [STEP] Population -> healthy_male, Route=oral
2025-09-18 00:10:07,409 - INFO - PK parameters: {'Vd': 0.5, 'Cl': 0.1, 'ka': 1.0, 't_abs': 2.0}
2025-09-18 00:10:07,409 - INFO - Physiology: {'Vd': 0.5, 'Cl': 0.1, 'ka': 1.0, 't_abs': 2.0}
2025-09-18 00:10:07,430 - INFO - ✔ 2D structure saved: pkpd_output\CC1(C)CN[C@@H](C(=O)c2cccc(OC(F)F)n2)CO1\CC1(C)CN[C@@H](C(=O)c2cccc(OC(F)F)n2)CO1_2D.png, pkpd_output\CC1(C)CN[C@@H](C(=O)c2cccc(OC(F)F)n2)CO1\CC1(C)CN[C@@H](C(=O)c2cccc(OC(F)F)n2)CO1_2D.svg
2025-09-18 00:10:07,431 - INFO - [STEP] Simulation -> Starting for CC1(C)CN[C@@H](C(=O)c2cccc(OC(F)F)n2)CO1
2025-09-18 00:10:07,440 - INFO - [STEP] Simulation -> Finished for CC1(C)CN[C@@H](C(=O)c2cccc(OC(F)F)n2)CO1
2025-09-18 00:10:07,440 - INFO - [STEP] Export -> Saving results to pkpd_output\CC1(C)CN[C@@H](C(=O)c2cccc(OC(F)F)n2)CO1\CC1(C)CN[C@@H](C(=O)c2cccc(OC(F)F)n2)CO1_results.xlsx
2025-09-18 00:10:07,592 - INFO - ✔ 2D structure embedded in Excel: pkpd_output\CC1(C)CN[C@@H](C(=O)c2cccc(OC(F)F)n2)CO1\CC1(C)CN[C@@H](C(=O)c2cccc(OC(F)F)n2)CO1_results.xlsx
2025-09-18 00:10:07,592 - INFO - [STEP] Plotting -> Saving plots to pkpd_output\CC1(C)CN[C@@H](C(=O)c2cccc(OC(F)F)n2)CO1\CC1(C)CN[C@@H](C(=O)c2cccc(OC(F)F)n2)CO1_timecourse.png
2025-09-18 00:10:08,631 - INFO - ✔ Plots saved: pkpd_output\CC1(C)CN[C@@H](C(=O)c2cccc(OC(F)F)n2)CO1\CC1(C)CN[C@@H](C(=O)c2cccc(OC(F)F)n2)CO1_timecourse.png
2025-09-18 00:10:08,632 - INFO - ✔ All results saved
2025-09-18 00:10:08,632 - INFO - [STEP] Featurization -> Processing CC(C)(C)OC(=O)N1C[C@@H]2C[C@H](C1)CN2S(=O)(=O)c1ccc(N)c(Br)c1
2025-09-18 00:10:08,863 - INFO - Absorption site: Ileum, pKa: 8.778000000000002
2025-09-18 00:10:08,864 - INFO - [STEP] Population -> healthy_male, Route=oral
2025-09-18 00:10:08,864 - INFO - PK parameters: {'Vd': 0.5, 'Cl': 0.1, 'ka': 1.0, 't_abs': 2.0}
2025-09-18 00:10:08,864 - INFO - Physiology: {'Vd': 0.5, 'Cl': 0.1, 'ka': 1.0, 't_abs': 2.0}
2025-09-18 00:10:08,888 - INFO - ✔ 2D structure saved: pkpd_output\CC(C)(C)OC(=O)N1C[C@@H]2C[C@H](C1)CN2S(=O)(=O)c1ccc(N)c(Br)c1\CC(C)(C)OC(=O)N1C[C@@H]2C[C@H](C1)CN2S(=O)(=O)c1ccc(N)c(Br)c1_2D.png, pkpd_output\CC(C)(C)OC(=O)N1C[C@@H]2C[C@H](C1)CN2S(=O)(=O)c1ccc(N)c(Br)c1\CC(C)(C)OC(=O)N1C[C@@H]2C[C@H](C1)CN2S(=O)(=O)c1ccc(N)c(Br)c1_2D.svg
2025-09-18 00:10:08,888 - INFO - [STEP] Simulation -> Starting for CC(C)(C)OC(=O)N1C[C@@H]2C[C@H](C1)CN2S(=O)(=O)c1ccc(N)c(Br)c1
2025-09-18 00:10:08,896 - INFO - [STEP] Simulation -> Finished for CC(C)(C)OC(=O)N1C[C@@H]2C[C@H](C1)CN2S(=O)(=O)c1ccc(N)c(Br)c1
2025-09-18 00:10:08,896 - INFO - [STEP] Export -> Saving results to pkpd_output\CC(C)(C)OC(=O)N1C[C@@H]2C[C@H](C1)CN2S(=O)(=O)c1ccc(N)c(Br)c1\CC(C)(C)OC(=O)N1C[C@@H]2C[C@H](C1)CN2S(=O)(=O)c1ccc(N)c(Br)c1_results.xlsx
2025-09-18 00:10:09,062 - INFO - ✔ 2D structure embedded in Excel: pkpd_output\CC(C)(C)OC(=O)N1C[C@@H]2C[C@H](C1)CN2S(=O)(=O)c1ccc(N)c(Br)c1\CC(C)(C)OC(=O)N1C[C@@H]2C[C@H](C1)CN2S(=O)(=O)c1ccc(N)c(Br)c1_results.xlsx
2025-09-18 00:10:09,062 - INFO - [STEP] Plotting -> Saving plots to pkpd_output\CC(C)(C)OC(=O)N1C[C@@H]2C[C@H](C1)CN2S(=O)(=O)c1ccc(N)c(Br)c1\CC(C)(C)OC(=O)N1C[C@@H]2C[C@H](C1)CN2S(=O)(=O)c1ccc(N)c(Br)c1_timecourse.png
2025-09-18 00:10:09,993 - INFO - ✔ Plots saved: pkpd_output\CC(C)(C)OC(=O)N1C[C@@H]2C[C@H](C1)CN2S(=O)(=O)c1ccc(N)c(Br)c1\CC(C)(C)OC(=O)N1C[C@@H]2C[C@H](C1)CN2S(=O)(=O)c1ccc(N)c(Br)c1_timecourse.png
2025-09-18 00:10:09,994 - INFO - ✔ All results saved
2025-09-18 00:10:09,994 - INFO - [STEP] Featurization -> Processing CCc1ccccc1NC(=O)C[C@H](C)N[C@@H]1CCN(c2c(F)cccc2F)C1
2025-09-18 00:10:10,227 - INFO - Absorption site: Ileum, pKa: 8.854333333333335
2025-09-18 00:10:10,228 - INFO - [STEP] Population -> healthy_male, Route=oral
2025-09-18 00:10:10,228 - INFO - PK parameters: {'Vd': 0.5, 'Cl': 0.1, 'ka': 1.0, 't_abs': 2.0}
2025-09-18 00:10:10,228 - INFO - Physiology: {'Vd': 0.5, 'Cl': 0.1, 'ka': 1.0, 't_abs': 2.0}
2025-09-18 00:10:10,252 - INFO - ✔ 2D structure saved: pkpd_output\CCc1ccccc1NC(=O)C[C@H](C)N[C@@H]1CCN(c2c(F)cccc2F)C1\CCc1ccccc1NC(=O)C[C@H](C)N[C@@H]1CCN(c2c(F)cccc2F)C1_2D.png, pkpd_output\CCc1ccccc1NC(=O)C[C@H](C)N[C@@H]1CCN(c2c(F)cccc2F)C1\CCc1ccccc1NC(=O)C[C@H](C)N[C@@H]1CCN(c2c(F)cccc2F)C1_2D.svg
2025-09-18 00:10:10,252 - INFO - [STEP] Simulation -> Starting for CCc1ccccc1NC(=O)C[C@H](C)N[C@@H]1CCN(c2c(F)cccc2F)C1
2025-09-18 00:10:10,261 - INFO - [STEP] Simulation -> Finished for CCc1ccccc1NC(=O)C[C@H](C)N[C@@H]1CCN(c2c(F)cccc2F)C1
2025-09-18 00:10:10,261 - INFO - [STEP] Export -> Saving results to pkpd_output\CCc1ccccc1NC(=O)C[C@H](C)N[C@@H]1CCN(c2c(F)cccc2F)C1\CCc1ccccc1NC(=O)C[C@H](C)N[C@@H]1CCN(c2c(F)cccc2F)C1_results.xlsx
2025-09-18 00:10:10,411 - INFO - ✔ 2D structure embedded in Excel: pkpd_output\CCc1ccccc1NC(=O)C[C@H](C)N[C@@H]1CCN(c2c(F)cccc2F)C1\CCc1ccccc1NC(=O)C[C@H](C)N[C@@H]1CCN(c2c(F)cccc2F)C1_results.xlsx
2025-09-18 00:10:10,411 - INFO - [STEP] Plotting -> Saving plots to pkpd_output\CCc1ccccc1NC(=O)C[C@H](C)N[C@@H]1CCN(c2c(F)cccc2F)C1\CCc1ccccc1NC(=O)C[C@H](C)N[C@@H]1CCN(c2c(F)cccc2F)C1_timecourse.png
2025-09-18 00:10:11,342 - INFO - ✔ Plots saved: pkpd_output\CCc1ccccc1NC(=O)C[C@H](C)N[C@@H]1CCN(c2c(F)cccc2F)C1\CCc1ccccc1NC(=O)C[C@H](C)N[C@@H]1CCN(c2c(F)cccc2F)C1_timecourse.png
2025-09-18 00:10:11,342 - INFO - ✔ All results saved
