2025-09-18 00:35:31,729 - INFO - ============================================================
2025-09-18 00:35:31,730 - INFO - PK/PD Simulation Log Started
2025-09-18 00:35:31,730 - INFO - ============================================================
2025-09-18 00:35:31,730 - INFO - [STEP] Logging initialized -> Log file: pkpd_output\logs\sim_run_20250918_003531.log
2025-09-18 00:35:31,730 - INFO - Population: healthy_male, Route: oral, Dose: 100.0 mg, Duration: 24 h
2025-09-18 00:35:31,808 - INFO - [STEP] Featurization -> Processing O=C(O)c1ccccc1O
2025-09-18 00:35:32,036 - INFO - Absorption site: Poor absorption (ionized), pKa: 6.892333333333327
2025-09-18 00:35:32,036 - INFO - [STEP] Population -> healthy_male, Route=oral
2025-09-18 00:35:32,036 - INFO - PK parameters: {'Vd': 0.5, 'Cl': 0.1, 'ka': 1.0, 't_abs': 2.0}
2025-09-18 00:35:32,036 - INFO - Physiology: {'Vd': 0.5, 'Cl': 0.1, 'ka': 1.0, 't_abs': 2.0}
2025-09-18 00:35:32,067 - INFO - ✔ 2D structure saved: pkpd_output\O=C(O)c1ccccc1O\O=C(O)c1ccccc1O_2D.png, pkpd_output\O=C(O)c1ccccc1O\O=C(O)c1ccccc1O_2D.svg
2025-09-18 00:35:32,068 - INFO - [STEP] Simulation -> Starting for O=C(O)c1ccccc1O
2025-09-18 00:35:32,077 - INFO - [STEP] Simulation -> Finished for O=C(O)c1ccccc1O
2025-09-18 00:35:32,078 - INFO - [STEP] Export -> Saving results to pkpd_output\O=C(O)c1ccccc1O\O=C(O)c1ccccc1O_results.xlsx
2025-09-18 00:35:32,284 - INFO - ✔ 2D structure embedded in Excel: pkpd_output\O=C(O)c1ccccc1O\O=C(O)c1ccccc1O_results.xlsx
2025-09-18 00:35:32,284 - INFO - [STEP] Plotting -> Saving plots to pkpd_output\O=C(O)c1ccccc1O\O=C(O)c1ccccc1O_timecourse.png
2025-09-18 00:35:33,240 - INFO - ✔ Plots saved: pkpd_output\O=C(O)c1ccccc1O\O=C(O)c1ccccc1O_timecourse.png
2025-09-18 00:35:33,241 - INFO - ✔ All results saved
2025-09-18 00:35:33,241 - INFO - [STEP] Featurization -> Processing C[C@H]1CNCCN(C[C@@H]2CCCO2)S1(=O)=O
2025-09-18 00:35:33,469 - INFO - Absorption site: Ileum, pKa: 8.908999999999997
2025-09-18 00:35:33,469 - INFO - [STEP] Population -> healthy_male, Route=oral
2025-09-18 00:35:33,470 - INFO - PK parameters: {'Vd': 0.5, 'Cl': 0.1, 'ka': 1.0, 't_abs': 2.0}
2025-09-18 00:35:33,470 - INFO - Physiology: {'Vd': 0.5, 'Cl': 0.1, 'ka': 1.0, 't_abs': 2.0}
2025-09-18 00:35:33,493 - INFO - ✔ 2D structure saved: pkpd_output\C[C@H]1CNCCN(C[C@@H]2CCCO2)S1(=O)=O\C[C@H]1CNCCN(C[C@@H]2CCCO2)S1(=O)=O_2D.png, pkpd_output\C[C@H]1CNCCN(C[C@@H]2CCCO2)S1(=O)=O\C[C@H]1CNCCN(C[C@@H]2CCCO2)S1(=O)=O_2D.svg
2025-09-18 00:35:33,493 - INFO - [STEP] Simulation -> Starting for C[C@H]1CNCCN(C[C@@H]2CCCO2)S1(=O)=O
2025-09-18 00:35:33,503 - INFO - [STEP] Simulation -> Finished for C[C@H]1CNCCN(C[C@@H]2CCCO2)S1(=O)=O
2025-09-18 00:35:33,504 - INFO - [STEP] Export -> Saving results to pkpd_output\C[C@H]1CNCCN(C[C@@H]2CCCO2)S1(=O)=O\C[C@H]1CNCCN(C[C@@H]2CCCO2)S1(=O)=O_results.xlsx
2025-09-18 00:35:33,671 - INFO - ✔ 2D structure embedded in Excel: pkpd_output\C[C@H]1CNCCN(C[C@@H]2CCCO2)S1(=O)=O\C[C@H]1CNCCN(C[C@@H]2CCCO2)S1(=O)=O_results.xlsx
2025-09-18 00:35:33,673 - INFO - [STEP] Plotting -> Saving plots to pkpd_output\C[C@H]1CNCCN(C[C@@H]2CCCO2)S1(=O)=O\C[C@H]1CNCCN(C[C@@H]2CCCO2)S1(=O)=O_timecourse.png
2025-09-18 00:35:34,610 - INFO - ✔ Plots saved: pkpd_output\C[C@H]1CNCCN(C[C@@H]2CCCO2)S1(=O)=O\C[C@H]1CNCCN(C[C@@H]2CCCO2)S1(=O)=O_timecourse.png
2025-09-18 00:35:34,611 - INFO - ✔ All results saved
2025-09-18 00:35:34,611 - INFO - [STEP] Featurization -> Processing CCc1ccccc1NC(=O)C[C@H](C)N[C@@H]1CCN(c2c(F)cccc2F)C1
2025-09-18 00:35:34,841 - INFO - Absorption site: Ileum, pKa: 8.854333333333335
2025-09-18 00:35:34,841 - INFO - [STEP] Population -> healthy_male, Route=oral
2025-09-18 00:35:34,842 - INFO - PK parameters: {'Vd': 0.5, 'Cl': 0.1, 'ka': 1.0, 't_abs': 2.0}
2025-09-18 00:35:34,842 - INFO - Physiology: {'Vd': 0.5, 'Cl': 0.1, 'ka': 1.0, 't_abs': 2.0}
2025-09-18 00:35:34,864 - INFO - ✔ 2D structure saved: pkpd_output\CCc1ccccc1NC(=O)C[C@H](C)N[C@@H]1CCN(c2c(F)cccc2F)C1\CCc1ccccc1NC(=O)C[C@H](C)N[C@@H]1CCN(c2c(F)cccc2F)C1_2D.png, pkpd_output\CCc1ccccc1NC(=O)C[C@H](C)N[C@@H]1CCN(c2c(F)cccc2F)C1\CCc1ccccc1NC(=O)C[C@H](C)N[C@@H]1CCN(c2c(F)cccc2F)C1_2D.svg
2025-09-18 00:35:34,865 - INFO - [STEP] Simulation -> Starting for CCc1ccccc1NC(=O)C[C@H](C)N[C@@H]1CCN(c2c(F)cccc2F)C1
2025-09-18 00:35:34,874 - INFO - [STEP] Simulation -> Finished for CCc1ccccc1NC(=O)C[C@H](C)N[C@@H]1CCN(c2c(F)cccc2F)C1
2025-09-18 00:35:34,874 - INFO - [STEP] Export -> Saving results to pkpd_output\CCc1ccccc1NC(=O)C[C@H](C)N[C@@H]1CCN(c2c(F)cccc2F)C1\CCc1ccccc1NC(=O)C[C@H](C)N[C@@H]1CCN(c2c(F)cccc2F)C1_results.xlsx
2025-09-18 00:35:35,041 - INFO - ✔ 2D structure embedded in Excel: pkpd_output\CCc1ccccc1NC(=O)C[C@H](C)N[C@@H]1CCN(c2c(F)cccc2F)C1\CCc1ccccc1NC(=O)C[C@H](C)N[C@@H]1CCN(c2c(F)cccc2F)C1_results.xlsx
2025-09-18 00:35:35,041 - INFO - [STEP] Plotting -> Saving plots to pkpd_output\CCc1ccccc1NC(=O)C[C@H](C)N[C@@H]1CCN(c2c(F)cccc2F)C1\CCc1ccccc1NC(=O)C[C@H](C)N[C@@H]1CCN(c2c(F)cccc2F)C1_timecourse.png
2025-09-18 00:35:36,046 - INFO - ✔ Plots saved: pkpd_output\CCc1ccccc1NC(=O)C[C@H](C)N[C@@H]1CCN(c2c(F)cccc2F)C1\CCc1ccccc1NC(=O)C[C@H](C)N[C@@H]1CCN(c2c(F)cccc2F)C1_timecourse.png
2025-09-18 00:35:36,046 - INFO - ✔ All results saved
