2025-09-18 00:41:51,867 - INFO - ============================================================
2025-09-18 00:41:51,867 - INFO - PK/PD Simulation Log Started
2025-09-18 00:41:51,867 - INFO - ============================================================
2025-09-18 00:41:51,867 - INFO - [STEP] Logging initialized -> Log file: pkpd_output\logs\sim_run_20250918_004151.log
2025-09-18 00:41:51,867 - INFO - Population: healthy_male, Route: oral, Dose: 100.0 mg, Duration: 24 h
2025-09-18 00:41:51,964 - INFO - [STEP] Featurization -> Processing CNCC(=O)Nc1ccc(CN2CCOCC2)cc1
2025-09-18 00:41:52,190 - INFO - Absorption site: Ileum, pKa: 7.9230000000000045
2025-09-18 00:41:52,191 - INFO - [STEP] Population -> healthy_male, Route=oral
2025-09-18 00:41:52,191 - INFO - PK parameters: {'Vd': 0.5, 'Cl': 0.1, 'ka': 1.0, 't_abs': 2.0}
2025-09-18 00:41:52,191 - INFO - Physiology: {'Vd': 0.5, 'Cl': 0.1, 'ka': 1.0, 't_abs': 2.0}
2025-09-18 00:41:52,220 - INFO - ✔ 2D structure saved: pkpd_output\CNCC(=O)Nc1ccc(CN2CCOCC2)cc1\CNCC(=O)Nc1ccc(CN2CCOCC2)cc1_2D.png, pkpd_output\CNCC(=O)Nc1ccc(CN2CCOCC2)cc1\CNCC(=O)Nc1ccc(CN2CCOCC2)cc1_2D.svg
2025-09-18 00:41:52,220 - INFO - [STEP] Simulation -> Starting for CNCC(=O)Nc1ccc(CN2CCOCC2)cc1
2025-09-18 00:41:52,231 - INFO - [STEP] Simulation -> Finished for CNCC(=O)Nc1ccc(CN2CCOCC2)cc1
2025-09-18 00:41:52,231 - INFO - [STEP] Export -> Saving results to pkpd_output\CNCC(=O)Nc1ccc(CN2CCOCC2)cc1\CNCC(=O)Nc1ccc(CN2CCOCC2)cc1_results.xlsx
2025-09-18 00:41:52,455 - INFO - ✔ 2D structure embedded in Excel: pkpd_output\CNCC(=O)Nc1ccc(CN2CCOCC2)cc1\CNCC(=O)Nc1ccc(CN2CCOCC2)cc1_results.xlsx
2025-09-18 00:41:52,455 - INFO - [STEP] Plotting -> Saving plots to pkpd_output\CNCC(=O)Nc1ccc(CN2CCOCC2)cc1\CNCC(=O)Nc1ccc(CN2CCOCC2)cc1_timecourse.png
2025-09-18 00:41:53,447 - INFO - ✔ Plots saved: pkpd_output\CNCC(=O)Nc1ccc(CN2CCOCC2)cc1\CNCC(=O)Nc1ccc(CN2CCOCC2)cc1_timecourse.png
2025-09-18 00:41:53,447 - INFO - ✔ All results saved
2025-09-18 00:41:53,464 - INFO - [STEP] Featurization -> Processing Cc1ccoc1C(=O)NCCCNC/C=C/c1ccccc1
2025-09-18 00:41:53,696 - INFO - Absorption site: Ileum, pKa: 8.854333333333335
2025-09-18 00:41:53,696 - INFO - [STEP] Population -> healthy_male, Route=oral
2025-09-18 00:41:53,696 - INFO - PK parameters: {'Vd': 0.5, 'Cl': 0.1, 'ka': 1.0, 't_abs': 2.0}
2025-09-18 00:41:53,696 - INFO - Physiology: {'Vd': 0.5, 'Cl': 0.1, 'ka': 1.0, 't_abs': 2.0}
2025-09-18 00:41:53,717 - INFO - ✔ 2D structure saved: pkpd_output\Cc1ccoc1C(=O)NCCCNC_C=C_c1ccccc1\Cc1ccoc1C(=O)NCCCNC_C=C_c1ccccc1_2D.png, pkpd_output\Cc1ccoc1C(=O)NCCCNC_C=C_c1ccccc1\Cc1ccoc1C(=O)NCCCNC_C=C_c1ccccc1_2D.svg
2025-09-18 00:41:53,717 - INFO - [STEP] Simulation -> Starting for Cc1ccoc1C(=O)NCCCNC/C=C/c1ccccc1
2025-09-18 00:41:53,726 - INFO - [STEP] Simulation -> Finished for Cc1ccoc1C(=O)NCCCNC/C=C/c1ccccc1
2025-09-18 00:41:53,727 - INFO - [STEP] Export -> Saving results to pkpd_output\Cc1ccoc1C(=O)NCCCNC_C=C_c1ccccc1\Cc1ccoc1C(=O)NCCCNC_C=C_c1ccccc1_results.xlsx
2025-09-18 00:41:53,894 - INFO - ✔ 2D structure embedded in Excel: pkpd_output\Cc1ccoc1C(=O)NCCCNC_C=C_c1ccccc1\Cc1ccoc1C(=O)NCCCNC_C=C_c1ccccc1_results.xlsx
2025-09-18 00:41:53,894 - INFO - [STEP] Plotting -> Saving plots to pkpd_output\Cc1ccoc1C(=O)NCCCNC_C=C_c1ccccc1\Cc1ccoc1C(=O)NCCCNC_C=C_c1ccccc1_timecourse.png
2025-09-18 00:41:54,835 - INFO - ✔ Plots saved: pkpd_output\Cc1ccoc1C(=O)NCCCNC_C=C_c1ccccc1\Cc1ccoc1C(=O)NCCCNC_C=C_c1ccccc1_timecourse.png
2025-09-18 00:41:54,835 - INFO - ✔ All results saved
2025-09-18 00:41:54,835 - INFO - [STEP] Featurization -> Processing O=C(O)c1ccccc1O
2025-09-18 00:41:55,061 - INFO - Absorption site: Poor absorption (ionized), pKa: 6.892333333333327
2025-09-18 00:41:55,061 - INFO - [STEP] Population -> healthy_male, Route=oral
2025-09-18 00:41:55,061 - INFO - PK parameters: {'Vd': 0.5, 'Cl': 0.1, 'ka': 1.0, 't_abs': 2.0}
2025-09-18 00:41:55,062 - INFO - Physiology: {'Vd': 0.5, 'Cl': 0.1, 'ka': 1.0, 't_abs': 2.0}
2025-09-18 00:41:55,084 - INFO - ✔ 2D structure saved: pkpd_output\O=C(O)c1ccccc1O\O=C(O)c1ccccc1O_2D.png, pkpd_output\O=C(O)c1ccccc1O\O=C(O)c1ccccc1O_2D.svg
2025-09-18 00:41:55,084 - INFO - [STEP] Simulation -> Starting for O=C(O)c1ccccc1O
2025-09-18 00:41:55,093 - INFO - [STEP] Simulation -> Finished for O=C(O)c1ccccc1O
2025-09-18 00:41:55,094 - INFO - [STEP] Export -> Saving results to pkpd_output\O=C(O)c1ccccc1O\O=C(O)c1ccccc1O_results.xlsx
2025-09-18 00:41:55,244 - INFO - ✔ 2D structure embedded in Excel: pkpd_output\O=C(O)c1ccccc1O\O=C(O)c1ccccc1O_results.xlsx
2025-09-18 00:41:55,245 - INFO - [STEP] Plotting -> Saving plots to pkpd_output\O=C(O)c1ccccc1O\O=C(O)c1ccccc1O_timecourse.png
2025-09-18 00:41:56,248 - INFO - ✔ Plots saved: pkpd_output\O=C(O)c1ccccc1O\O=C(O)c1ccccc1O_timecourse.png
2025-09-18 00:41:56,249 - INFO - ✔ All results saved
