2025-09-17 23:15:53,242 - INFO - ============================================================
2025-09-17 23:15:53,242 - INFO - PK/PD Simulation Log Started
2025-09-17 23:15:53,242 - INFO - ============================================================
2025-09-17 23:15:53,243 - INFO - [STEP] Logging initialized -> Log file: pkpd_output\logs\sim_run_20250917_231553.log
2025-09-17 23:15:53,243 - INFO - Population: healthy_male, Route: oral, Dose: 100.0 mg, Duration: 24 h
2025-09-17 23:15:53,345 - INFO - [STEP] Featurization -> Processing O=C(O)c1ccccc1O
2025-09-17 23:15:53,567 - INFO - Absorption site: Ileum, pKa: 6.892333333333327
2025-09-17 23:15:53,567 - INFO - [STEP] Population -> healthy_male, Route=oral
2025-09-17 23:15:53,568 - INFO - PK parameters: {'Vd': 0.5, 'Cl': 0.1, 'ka': 1.0, 't_abs': 2.0}
2025-09-17 23:15:53,568 - INFO - Physiology: {'Vd': 0.5, 'Cl': 0.1, 'ka': 1.0, 't_abs': 2.0}
2025-09-17 23:15:53,591 - INFO - ✔ 2D structure saved: pkpd_output\O=C(O)c1ccccc1O\O=C(O)c1ccccc1O_2D.png, pkpd_output\O=C(O)c1ccccc1O\O=C(O)c1ccccc1O_2D.svg
2025-09-17 23:15:53,591 - INFO - [STEP] Simulation -> Starting for O=C(O)c1ccccc1O
2025-09-17 23:15:53,600 - INFO - [STEP] Simulation -> Finished for O=C(O)c1ccccc1O
2025-09-17 23:15:53,601 - INFO - [STEP] Export -> Saving results to pkpd_output\O=C(O)c1ccccc1O\O=C(O)c1ccccc1O_results.xlsx
2025-09-17 23:15:53,776 - INFO - ✔ 2D structure embedded in Excel: pkpd_output\O=C(O)c1ccccc1O\O=C(O)c1ccccc1O_results.xlsx
2025-09-17 23:15:53,776 - INFO - [STEP] Plotting -> Saving plots to pkpd_output\O=C(O)c1ccccc1O\O=C(O)c1ccccc1O_timecourse.png
2025-09-17 23:15:54,792 - INFO - ✔ Plots saved: pkpd_output\O=C(O)c1ccccc1O\O=C(O)c1ccccc1O_timecourse.png
2025-09-17 23:15:54,792 - INFO - ✔ All results saved
2025-09-17 23:15:54,792 - INFO - [STEP] Featurization -> Processing Cc1ccc(Cn2nccc2NC(=O)C(=O)N2CCC[C@@H]2C2CCOCC2)o1
2025-09-17 23:15:55,020 - INFO - Absorption site: Poor absorption (ionized), pKa: 8.131666666666671
2025-09-17 23:15:55,020 - INFO - [STEP] Population -> healthy_male, Route=oral
2025-09-17 23:15:55,020 - INFO - PK parameters: {'Vd': 0.5, 'Cl': 0.1, 'ka': 1.0, 't_abs': 2.0}
2025-09-17 23:15:55,020 - INFO - Physiology: {'Vd': 0.5, 'Cl': 0.1, 'ka': 1.0, 't_abs': 2.0}
2025-09-17 23:15:55,045 - INFO - ✔ 2D structure saved: pkpd_output\Cc1ccc(Cn2nccc2NC(=O)C(=O)N2CCC[C@@H]2C2CCOCC2)o1\Cc1ccc(Cn2nccc2NC(=O)C(=O)N2CCC[C@@H]2C2CCOCC2)o1_2D.png, pkpd_output\Cc1ccc(Cn2nccc2NC(=O)C(=O)N2CCC[C@@H]2C2CCOCC2)o1\Cc1ccc(Cn2nccc2NC(=O)C(=O)N2CCC[C@@H]2C2CCOCC2)o1_2D.svg
2025-09-17 23:15:55,045 - INFO - [STEP] Simulation -> Starting for Cc1ccc(Cn2nccc2NC(=O)C(=O)N2CCC[C@@H]2C2CCOCC2)o1
2025-09-17 23:15:55,054 - INFO - [STEP] Simulation -> Finished for Cc1ccc(Cn2nccc2NC(=O)C(=O)N2CCC[C@@H]2C2CCOCC2)o1
2025-09-17 23:15:55,054 - INFO - [STEP] Export -> Saving results to pkpd_output\Cc1ccc(Cn2nccc2NC(=O)C(=O)N2CCC[C@@H]2C2CCOCC2)o1\Cc1ccc(Cn2nccc2NC(=O)C(=O)N2CCC[C@@H]2C2CCOCC2)o1_results.xlsx
2025-09-17 23:15:55,207 - INFO - ✔ 2D structure embedded in Excel: pkpd_output\Cc1ccc(Cn2nccc2NC(=O)C(=O)N2CCC[C@@H]2C2CCOCC2)o1\Cc1ccc(Cn2nccc2NC(=O)C(=O)N2CCC[C@@H]2C2CCOCC2)o1_results.xlsx
2025-09-17 23:15:55,207 - INFO - [STEP] Plotting -> Saving plots to pkpd_output\Cc1ccc(Cn2nccc2NC(=O)C(=O)N2CCC[C@@H]2C2CCOCC2)o1\Cc1ccc(Cn2nccc2NC(=O)C(=O)N2CCC[C@@H]2C2CCOCC2)o1_timecourse.png
2025-09-17 23:15:56,153 - INFO - ✔ Plots saved: pkpd_output\Cc1ccc(Cn2nccc2NC(=O)C(=O)N2CCC[C@@H]2C2CCOCC2)o1\Cc1ccc(Cn2nccc2NC(=O)C(=O)N2CCC[C@@H]2C2CCOCC2)o1_timecourse.png
2025-09-17 23:15:56,154 - INFO - ✔ All results saved
2025-09-17 23:15:56,155 - INFO - [STEP] Featurization -> Processing CCOc1nccc(C)c1C(=O)NC[C@H](C)CNCc1cnon1
2025-09-17 23:15:56,382 - INFO - Absorption site: Poor absorption (ionized), pKa: 8.275333333333338
2025-09-17 23:15:56,382 - INFO - [STEP] Population -> healthy_male, Route=oral
2025-09-17 23:15:56,382 - INFO - PK parameters: {'Vd': 0.5, 'Cl': 0.1, 'ka': 1.0, 't_abs': 2.0}
2025-09-17 23:15:56,383 - INFO - Physiology: {'Vd': 0.5, 'Cl': 0.1, 'ka': 1.0, 't_abs': 2.0}
2025-09-17 23:15:56,406 - INFO - ✔ 2D structure saved: pkpd_output\CCOc1nccc(C)c1C(=O)NC[C@H](C)CNCc1cnon1\CCOc1nccc(C)c1C(=O)NC[C@H](C)CNCc1cnon1_2D.png, pkpd_output\CCOc1nccc(C)c1C(=O)NC[C@H](C)CNCc1cnon1\CCOc1nccc(C)c1C(=O)NC[C@H](C)CNCc1cnon1_2D.svg
2025-09-17 23:15:56,406 - INFO - [STEP] Simulation -> Starting for CCOc1nccc(C)c1C(=O)NC[C@H](C)CNCc1cnon1
2025-09-17 23:15:56,417 - INFO - [STEP] Simulation -> Finished for CCOc1nccc(C)c1C(=O)NC[C@H](C)CNCc1cnon1
2025-09-17 23:15:56,418 - INFO - [STEP] Export -> Saving results to pkpd_output\CCOc1nccc(C)c1C(=O)NC[C@H](C)CNCc1cnon1\CCOc1nccc(C)c1C(=O)NC[C@H](C)CNCc1cnon1_results.xlsx
2025-09-17 23:15:56,568 - INFO - ✔ 2D structure embedded in Excel: pkpd_output\CCOc1nccc(C)c1C(=O)NC[C@H](C)CNCc1cnon1\CCOc1nccc(C)c1C(=O)NC[C@H](C)CNCc1cnon1_results.xlsx
2025-09-17 23:15:56,568 - INFO - [STEP] Plotting -> Saving plots to pkpd_output\CCOc1nccc(C)c1C(=O)NC[C@H](C)CNCc1cnon1\CCOc1nccc(C)c1C(=O)NC[C@H](C)CNCc1cnon1_timecourse.png
2025-09-17 23:15:57,553 - INFO - ✔ Plots saved: pkpd_output\CCOc1nccc(C)c1C(=O)NC[C@H](C)CNCc1cnon1\CCOc1nccc(C)c1C(=O)NC[C@H](C)CNCc1cnon1_timecourse.png
2025-09-17 23:15:57,554 - INFO - ✔ All results saved
